[0m23:45:52.742842 [debug] [MainThread]: Sending event: {'category': 'dbt', 'action': 'invocation', 'label': 'start', 'context': [<snowplow_tracker.self_describing_json.SelfDescribingJson object at 0x107976b20>, <snowplow_tracker.self_describing_json.SelfDescribingJson object at 0x108b2d820>, <snowplow_tracker.self_describing_json.SelfDescribingJson object at 0x108b2d640>]}


============================== 23:45:52.746498 | d1723172-b497-45f6-9808-08f8f18353a8 ==============================
[0m23:45:52.746498 [info ] [MainThread]: Running with dbt=1.9.1
[0m23:45:52.746881 [debug] [MainThread]: running dbt with arguments {'printer_width': '80', 'indirect_selection': 'eager', 'write_json': 'True', 'log_cache_events': 'False', 'partial_parse': 'True', 'cache_selected_only': 'False', 'warn_error': 'None', 'debug': 'False', 'fail_fast': 'False', 'log_path': 'logs', 'profiles_dir': '/Users/jeanlegrais/.dbt', 'version_check': 'True', 'use_colors': 'True', 'use_experimental_parser': 'False', 'no_print': 'None', 'quiet': 'False', 'empty': 'None', 'warn_error_options': 'WarnErrorOptions(include=[], exclude=[])', 'introspect': 'True', 'static_parser': 'True', 'log_format': 'default', 'target_path': 'None', 'invocation_command': 'dbt init', 'send_anonymous_usage_stats': 'True'}
[0m23:46:27.101215 [debug] [MainThread]: Starter project path: /Users/jeanlegrais/Library/Python/3.9/lib/python/site-packages/dbt/include/starter_project
[0m23:46:27.110380 [info ] [MainThread]: 
Your new dbt project "stocks_use_case" was created!

For more information on how to configure the profiles.yml file,
please consult the dbt documentation here:

  https://docs.getdbt.com/docs/configure-your-profile

One more thing:

Need help? Don't hesitate to reach out to us via GitHub issues or on Slack:

  https://community.getdbt.com/

Happy modeling!

[0m23:46:27.110915 [info ] [MainThread]: Setting up your profile.
[0m23:47:26.484816 [info ] [MainThread]: Profile stocks_use_case written to /Users/jeanlegrais/.dbt/profiles.yml using target's profile_template.yml and your supplied values. Run 'dbt debug' to validate the connection.
[0m23:47:26.517622 [debug] [MainThread]: Resource report: {"command_name": "init", "command_success": true, "command_wall_clock_time": 93.83896, "process_in_blocks": "0", "process_kernel_time": 0.25736, "process_mem_max_rss": "175865856", "process_out_blocks": "0", "process_user_time": 1.110829}
[0m23:47:26.518167 [debug] [MainThread]: Command `dbt init` succeeded at 23:47:26.518082 after 93.84 seconds
[0m23:47:26.518552 [debug] [MainThread]: Sending event: {'category': 'dbt', 'action': 'invocation', 'label': 'end', 'context': [<snowplow_tracker.self_describing_json.SelfDescribingJson object at 0x107976b20>, <snowplow_tracker.self_describing_json.SelfDescribingJson object at 0x1085c16a0>, <snowplow_tracker.self_describing_json.SelfDescribingJson object at 0x108b818b0>]}
[0m23:47:26.518873 [debug] [MainThread]: Flushing usage events
[0m23:47:26.994509 [debug] [MainThread]: An error was encountered while trying to flush usage events
